Arguments: 
  C:\Program Files\nodejs\node.exe C:\Program Files (x86)\Yarn\bin\yarn.js

PATH: 
  C:\Users\psimonea\cmder_mini\bin;C:\Users\psimonea\cmder_mini\vendor\conemu-maximus5\ConEmu\Scripts;C:\Users\psimonea\cmder_mini\vendor\conemu-maximus5;C:\Users\psimonea\cmder_mini\vendor\conemu-maximus5\ConEmu;C:\Program Files\Docker\Docker\Resources\bin;C:\Program Files (x86)\Intel\iCLS Client\;C:\Program Files\Intel\iCLS Client\;C:\Windows\system32;C:\Windows;C:\Windows\System32\Wbem;C:\Windows\System32\WindowsPowerShell\v1.0\;C:\Program Files\dotnet\;C:\Program Files\Microsoft SQL Server\130\Tools\Binn\;C:\Program Files\Git\cmd;C:\Users\psimonea\AppData\Roaming\nvm;C:\Program Files\nodejs;C:\Program Files (x86)\dotnet\;C:\Program Files (x86)\Microsoft Visual Studio\2017\Professional\MSBuild\15.0\Bin;C:\Program Files\Microsoft\Web Platform Installer\;C:\Program Files (x86)\Yarn\bin\;C:\Users\psimonea\AppData\Local\Microsoft\WindowsApps;C:\Users\psimonea\AppData\Local\Programs\Fiddler;C:\Program Files\Microsoft VS Code\bin;C:\Users\psimonea\bin;C:\Program Files\SQL Operations Studio\bin;C:\Users\psimonea\.dotnet\tools;C:\Users\psimonea\AppData\Local\Programs\Microsoft VS Code\bin;C:\Users\psimonea\AppData\Local\Yarn\bin;C:\Program Files\Git\usr\bin;C:\Program Files\Git\usr\share\vim\vim74;C:\Users\psimonea\cmder_mini\

Yarn version: 
  1.9.4

Node version: 
  8.12.0

Platform: 
  win32 x64

Trace: 
  SyntaxError: c:\dev\spike\dynamic-npm\custom\package.json: Unexpected token } in JSON at position 579
      at JSON.parse (<anonymous>)
      at C:\Program Files (x86)\Yarn\lib\cli.js:1130:59
      at Generator.next (<anonymous>)
      at step (C:\Program Files (x86)\Yarn\lib\cli.js:92:30)
      at C:\Program Files (x86)\Yarn\lib\cli.js:103:13
      at <anonymous>

npm manifest: 
  {
    "name": "custom",
    "version": "1.0.0",
    "description": "",
    "main": "index.js",
    "scripts": {
      "test": "echo \"Error: no test specified\" && exit 1"
    },
    "author": "",
    "license": "ISC",
    "devDependencies": {
      "@babel/core": "^7.1.0",
      "@babel/plugin-proposal-class-properties": "^7.1.0",
      "@babel/plugin-syntax-dynamic-import": "^7.0.0",
      "@babel/polyfill": "^7.0.0",
      "@babel/preset-env": "^7.1.0",
      "@babel/preset-react": "^7.0.0",
      "babel-loader": "^8.0.2",
      "react": "^16.5.2",
      "webpack": "^4.20.2",
      "webpack-cli": "^3.1.1",
    }
  }

yarn manifest: 
  No manifest

Lockfile: 
  No lockfile
